#
# A fatal error has been detected by the Java Runtime Environment:
#
#  EXCEPTION_ACCESS_VIOLATION (0xc0000005) at pc=0x00007ffd73864673, pid=4356, tid=0x0000000000001a48
#
# JRE version: Java(TM) SE Runtime Environment (8.0_121-b13) (build 1.8.0_121-b13)
# Java VM: Java HotSpot(TM) 64-Bit Server VM (25.121-b13 mixed mode windows-amd64 compressed oops)
# Problematic frame:
# C  [ig8icd64.dll+0xd4673]
#
# Failed to write core dump. Minidumps are not enabled by default on client versions of Windows
#
# If you would like to submit a bug report, please visit:
#   http://bugreport.java.com/bugreport/crash.jsp
# The crash happened outside the Java Virtual Machine in native code.
# See problematic frame for where to report the bug.
#

---------------  T H R E A D  ---------------

Current thread (0x0000000019bcc000):  JavaThread "LWJGL Application" [_thread_in_native, id=6728, stack(0x000000001a970000,0x000000001aa70000)]

siginfo: ExceptionCode=0xc0000005, reading address 0x000000001a89d7e0

Registers:
RAX=0x000000000000001f, RBX=0x000000000000ffff, RCX=0x000000005e68e47c, RDX=0x000000001a89d7e0
RSP=0x000000001aa6ea28, RBP=0x0000000000060000, RSI=0x000000001aa6eaa0, RDI=0x0000000000000000
R8 =0x000000000000000c, R9 =0x000000001aa6eaa0, R10=0x0000000043df0c9c, R11=0x0000000000000006
R12=0x000000000000000c, R13=0x0000000100094028, R14=0x00000000600b8410, R15=0x000000001b46e820
RIP=0x00007ffd73864673, EFLAGS=0x0000000000010206

Top of Stack: (sp=0x000000001aa6ea28)
0x000000001aa6ea28:   00007ffd73866e76 000000005e68e47c
0x000000001aa6ea38:   000000001b4491c0 0000000000000006
0x000000001aa6ea48:   00007ffd00000014 000000001aa6eab0
0x000000001aa6ea58:   001605c25bfd0004 000000001b4491c0
0x000000001aa6ea68:   00007ffd73d46402 0000000000001403
0x000000001aa6ea78:   0000000000000000 0000000000000004
0x000000001aa6ea88:   0000000000000006 0000000000000000
0x000000001aa6ea98:   00007ffd73ac1136 0000000000001406
0x000000001aa6eaa8:   000000001b4491c0 0000000000000002
0x000000001aa6eab8:   0000000000000004 0000000000000001
0x000000001aa6eac8:   00007ffd73d47344 000000001b4491c0
0x000000001aa6ead8:   0000000000000006 0000000000000000
0x000000001aa6eae8:   0000000002000101 0000000000000002
0x000000001aa6eaf8:   0000000000000004 000000001b4491c0
0x000000001aa6eb08:   00007ffd73ac15c4 0000000000000006
0x000000001aa6eb18:   0000000000000001 0000000000001403 

Instructions: (pc=0x00007ffd73864673)
0x00007ffd73864653:   c5 c2 07 66 41 3b c8 66 44 0f 43 c1 66 44 3b c0
0x00007ffd73864663:   66 41 0f 43 c0 0f b7 f8 4d 85 db 74 2c 4c 2b d2
0x00007ffd73864673:   0f b7 0a 48 8d 52 02 66 3b d9 0f b7 c1 66 41 89
0x00007ffd73864683:   4c 12 fe 66 0f 46 c3 66 3b f9 66 0f 43 cf 0f b7 


Register to memory mapping:

RAX=0x000000000000001f is an unknown value
RBX=0x000000000000ffff is an unknown value
RCX=0x000000005e68e47c is an unknown value
RDX=0x000000001a89d7e0 is an unknown value
RSP=0x000000001aa6ea28 is pointing into the stack for thread: 0x0000000019bcc000
RBP=0x0000000000060000 is an unknown value
RSI=0x000000001aa6eaa0 is pointing into the stack for thread: 0x0000000019bcc000
RDI=0x0000000000000000 is an unknown value
R8 =0x000000000000000c is an unknown value
R9 =0x000000001aa6eaa0 is pointing into the stack for thread: 0x0000000019bcc000
R10=0x0000000043df0c9c is an unknown value
R11=0x0000000000000006 is an unknown value
R12=0x000000000000000c is an unknown value
R13=0x0000000100094028 is pointing into metadata
R14=0x00000000600b8410 is an unknown value
R15=0x000000001b46e820 is an unknown value


Stack: [0x000000001a970000,0x000000001aa70000],  sp=0x000000001aa6ea28,  free space=1018k
Native frames: (J=compiled Java code, j=interpreted, Vv=VM code, C=native code)
C  [ig8icd64.dll+0xd4673]
C  [ig8icd64.dll+0xd6e76]
C  [ig8icd64.dll+0x331136]
C  [ig8icd64.dll+0x5b7344]
C  [ig8icd64.dll+0x3315c4]
C  [ig8icd64.dll+0x5b7b31]
C  0x000000000301621c

Java frames: (J=compiled Java code, j=interpreted, Vv=VM code)
J 664  org.lwjgl.opengl.GL11.nglDrawElements(IIIJJ)V (0 bytes) @ 0x0000000003016196 [0x0000000003016140+0x56]
J 634 C1 org.lwjgl.opengl.GL11.glDrawElements(ILjava/nio/ShortBuffer;)V (38 bytes) @ 0x0000000003001e3c [0x0000000003001580+0x8bc]
J 647 C1 com.badlogic.gdx.backends.lwjgl.LwjglGL20.glDrawElements(IIILjava/nio/Buffer;)V (124 bytes) @ 0x000000000300d09c [0x000000000300c320+0xd7c]
J 613 C1 com.badlogic.gdx.graphics.Mesh.render(Lcom/badlogic/gdx/graphics/glutils/ShaderProgram;IIIZ)V (182 bytes) @ 0x0000000002ff66e4 [0x0000000002ff6060+0x684]
J 587 C1 com.badlogic.gdx.graphics.g2d.SpriteBatch.flush()V (185 bytes) @ 0x0000000002fde764 [0x0000000002fdcf40+0x1824]
J 710 C1 com.badlogic.gdx.graphics.g2d.SpriteBatch.draw(Lcom/badlogic/gdx/graphics/Texture;FFFF)V (279 bytes) @ 0x0000000003030664 [0x0000000003030420+0x244]
J 771 C1 com.mygdx.game.Updater.render(F)V (2091 bytes) @ 0x000000000306b744 [0x000000000305a640+0x11104]
j  com.badlogic.gdx.Game.render()V+19
j  com.mygdx.game.Core.render()V+1
j  com.badlogic.gdx.backends.lwjgl.LwjglApplication.mainLoop()V+698
j  com.badlogic.gdx.backends.lwjgl.LwjglApplication$1.run()V+27
v  ~StubRoutines::call_stub

---------------  P R O C E S S  ---------------

Java Threads: ( => current thread )
  0x0000000019cde800 JavaThread "LWJGL Timer" daemon [_thread_blocked, id=4604, stack(0x0000000060930000,0x0000000060a30000)]
  0x0000000019ea5800 JavaThread "AsynchExecutor-Thread" daemon [_thread_blocked, id=8728, stack(0x0000000060830000,0x0000000060930000)]
  0x0000000002bb2800 JavaThread "DestroyJavaVM" [_thread_blocked, id=9368, stack(0x00000000012c0000,0x00000000013c0000)]
=>0x0000000019bcc000 JavaThread "LWJGL Application" [_thread_in_native, id=6728, stack(0x000000001a970000,0x000000001aa70000)]
  0x000000001790e800 JavaThread "Service Thread" daemon [_thread_blocked, id=9080, stack(0x0000000019600000,0x0000000019700000)]
  0x00000000178b6000 JavaThread "C1 CompilerThread2" daemon [_thread_blocked, id=6124, stack(0x0000000019100000,0x0000000019200000)]
  0x00000000178b3000 JavaThread "C2 CompilerThread1" daemon [_thread_blocked, id=16528, stack(0x0000000019000000,0x0000000019100000)]
  0x00000000178af800 JavaThread "C2 CompilerThread0" daemon [_thread_blocked, id=1240, stack(0x0000000018f00000,0x0000000019000000)]
  0x00000000178ae000 JavaThread "Attach Listener" daemon [_thread_blocked, id=5004, stack(0x0000000018e00000,0x0000000018f00000)]
  0x00000000178ac800 JavaThread "Signal Dispatcher" daemon [_thread_blocked, id=712, stack(0x0000000018d00000,0x0000000018e00000)]
  0x0000000002cac000 JavaThread "Finalizer" daemon [_thread_blocked, id=4420, stack(0x0000000018b10000,0x0000000018c10000)]
  0x0000000017879000 JavaThread "Reference Handler" daemon [_thread_blocked, id=16172, stack(0x0000000018a10000,0x0000000018b10000)]

Other Threads:
  0x0000000017877800 VMThread [stack: 0x0000000018910000,0x0000000018a10000] [id=13484]
  0x0000000019260000 WatcherThread [stack: 0x0000000019700000,0x0000000019800000] [id=9128]

VM state:not at safepoint (normal execution)

VM Mutex/Monitor currently owned by a thread: None

Heap:
 PSYoungGen      total 38400K, used 16999K [0x00000000d5d80000, 0x00000000d8800000, 0x0000000100000000)
  eden space 33280K, 51% used [0x00000000d5d80000,0x00000000d6e19dd8,0x00000000d7e00000)
  from space 5120K, 0% used [0x00000000d8300000,0x00000000d8300000,0x00000000d8800000)
  to   space 5120K, 0% used [0x00000000d7e00000,0x00000000d7e00000,0x00000000d8300000)
 ParOldGen       total 87552K, used 0K [0x0000000081800000, 0x0000000086d80000, 0x00000000d5d80000)
  object space 87552K, 0% used [0x0000000081800000,0x0000000081800000,0x0000000086d80000)
 Metaspace       used 7944K, capacity 8067K, committed 8320K, reserved 1056768K
  class space    used 741K, capacity 784K, committed 896K, reserved 1048576K

Card table byte_map: [0x0000000012120000,0x0000000012520000] byte_map_base: 0x0000000011d14000

Marking Bits: (ParMarkBitMap*) 0x000000007591b6d0
 Begin Bits: [0x0000000012bd0000, 0x0000000014b70000)
 End Bits:   [0x0000000014b70000, 0x0000000016b10000)

Polling page: 0x00000000009f0000

CodeCache: size=245760Kb used=3341Kb max_used=3341Kb free=242418Kb
 bounds [0x0000000002d60000, 0x00000000030b0000, 0x0000000011d60000]
 total_blobs=1291 nmethods=812 adapters=392
 compilation: enabled

Compilation events (10 events):
Event: 11.130 Thread 0x00000000178b6000  807       3       com.badlogic.gdx.graphics.g2d.SpriteBatch::draw (307 bytes)
Event: 11.131 Thread 0x00000000178b6000 nmethod 807 0x0000000003097690 code [0x00000000030978a0, 0x00000000030981c8]
Event: 11.210 Thread 0x00000000178b6000  808       3       java.nio.HeapByteBuffer::put (16 bytes)
Event: 11.210 Thread 0x00000000178b6000 nmethod 808 0x00000000030a3f10 code [0x00000000030a40a0, 0x00000000030a4448]
Event: 11.526 Thread 0x00000000178b6000  809   !   3       org.lwjgl.input.Keyboard::next (60 bytes)
Event: 11.527 Thread 0x00000000178b6000 nmethod 809 0x00000000030a4610 code [0x00000000030a47c0, 0x00000000030a4d58]
Event: 12.076 Thread 0x00000000178b6000  810       3       java.nio.HeapByteBuffer::get (14 bytes)
Event: 12.076 Thread 0x00000000178b6000 nmethod 810 0x00000000030a5050 code [0x00000000030a51e0, 0x00000000030a5588]
Event: 12.093 Thread 0x00000000178b6000  811       3       java.lang.Thread::interrupted (8 bytes)
Event: 12.094 Thread 0x00000000178b6000 nmethod 811 0x00000000030a5ad0 code [0x00000000030a5c40, 0x00000000030a5dc8]

GC Heap History (0 events):
No events

Deoptimization events (0 events):
No events

Internal exceptions (10 events):
Event: 0.132 Thread 0x0000000002bb2800 Exception <a 'java/security/PrivilegedActionException'> (0x00000000d6020770) thrown at [C:\re\workspace\8-2-build-windows-amd64-cygwin\jdk8u121\8372\hotspot\src\share\vm\prims\jvm.cpp, line 1390]
Event: 0.132 Thread 0x0000000002bb2800 Exception <a 'java/security/PrivilegedActionException'> (0x00000000d6020980) thrown at [C:\re\workspace\8-2-build-windows-amd64-cygwin\jdk8u121\8372\hotspot\src\share\vm\prims\jvm.cpp, line 1390]
Event: 0.132 Thread 0x0000000002bb2800 Exception <a 'java/security/PrivilegedActionException'> (0x00000000d6024890) thrown at [C:\re\workspace\8-2-build-windows-amd64-cygwin\jdk8u121\8372\hotspot\src\share\vm\prims\jvm.cpp, line 1390]
Event: 0.133 Thread 0x0000000002bb2800 Exception <a 'java/security/PrivilegedActionException'> (0x00000000d6024aa0) thrown at [C:\re\workspace\8-2-build-windows-amd64-cygwin\jdk8u121\8372\hotspot\src\share\vm\prims\jvm.cpp, line 1390]
Event: 0.270 Thread 0x0000000002bb2800 Exception <a 'java/security/PrivilegedActionException'> (0x00000000d6145288) thrown at [C:\re\workspace\8-2-build-windows-amd64-cygwin\jdk8u121\8372\hotspot\src\share\vm\prims\jvm.cpp, line 1390]
Event: 0.270 Thread 0x0000000002bb2800 Exception <a 'java/security/PrivilegedActionException'> (0x00000000d6146f60) thrown at [C:\re\workspace\8-2-build-windows-amd64-cygwin\jdk8u121\8372\hotspot\src\share\vm\prims\jvm.cpp, line 1390]
Event: 0.270 Thread 0x0000000002bb2800 Exception <a 'java/security/PrivilegedActionException'> (0x00000000d61480d0) thrown at [C:\re\workspace\8-2-build-windows-amd64-cygwin\jdk8u121\8372\hotspot\src\share\vm\prims\jvm.cpp, line 1390]
Event: 0.270 Thread 0x0000000002bb2800 Exception <a 'java/security/PrivilegedActionException'> (0x00000000d614d238) thrown at [C:\re\workspace\8-2-build-windows-amd64-cygwin\jdk8u121\8372\hotspot\src\share\vm\prims\jvm.cpp, line 1390]
Event: 0.270 Thread 0x0000000002bb2800 Exception <a 'java/security/PrivilegedActionException'> (0x00000000d614de90) thrown at [C:\re\workspace\8-2-build-windows-amd64-cygwin\jdk8u121\8372\hotspot\src\share\vm\prims\jvm.cpp, line 1390]
Event: 0.270 Thread 0x0000000002bb2800 Exception <a 'java/security/PrivilegedActionException'> (0x00000000d614eab8) thrown at [C:\re\workspace\8-2-build-windows-amd64-cygwin\jdk8u121\8372\hotspot\src\share\vm\prims\jvm.cpp, line 1390]

Events (10 events):
Event: 12.093 loading class com/badlogic/gdx/utils/Pools
Event: 12.093 loading class com/badlogic/gdx/utils/Pools done
Event: 12.093 loading class com/badlogic/gdx/utils/ReflectionPool
Event: 12.093 loading class com/badlogic/gdx/utils/ReflectionPool done
Event: 12.094 loading class com/badlogic/gdx/utils/reflect/Constructor
Event: 12.094 loading class com/badlogic/gdx/utils/reflect/Constructor done
Event: 12.094 loading class java/lang/reflect/InvocationTargetException
Event: 12.094 loading class java/lang/reflect/InvocationTargetException done
Event: 12.094 loading class com/badlogic/gdx/scenes/scene2d/InputEvent$Type
Event: 12.094 loading class com/badlogic/gdx/scenes/scene2d/InputEvent$Type done


Dynamic libraries:
0x00007ff7423e0000 - 0x00007ff742417000 	C:\Program Files\Java\jdk1.8.0_121\bin\javaw.exe
0x00007ffdc1260000 - 0x00007ffdc143b000 	C:\WINDOWS\SYSTEM32\ntdll.dll
0x00007ffdc11a0000 - 0x00007ffdc124e000 	C:\WINDOWS\System32\KERNEL32.DLL
0x00007ffdbda20000 - 0x00007ffdbdc69000 	C:\WINDOWS\System32\KERNELBASE.dll
0x00007ffdc04f0000 - 0x00007ffdc0591000 	C:\WINDOWS\System32\ADVAPI32.dll
0x00007ffdc0250000 - 0x00007ffdc02ed000 	C:\WINDOWS\System32\msvcrt.dll
0x00007ffdc01f0000 - 0x00007ffdc0249000 	C:\WINDOWS\System32\sechost.dll
0x00007ffdbff60000 - 0x00007ffdc0085000 	C:\WINDOWS\System32\RPCRT4.dll
0x00007ffdbfe10000 - 0x00007ffdbff5a000 	C:\WINDOWS\System32\USER32.dll
0x00007ffdbd830000 - 0x00007ffdbd84e000 	C:\WINDOWS\System32\win32u.dll
0x00007ffdbe850000 - 0x00007ffdbe877000 	C:\WINDOWS\System32\GDI32.dll
0x00007ffdbdc70000 - 0x00007ffdbddf7000 	C:\WINDOWS\System32\gdi32full.dll
0x00007ffdbde00000 - 0x00007ffdbde9a000 	C:\WINDOWS\System32\msvcp_win.dll
0x00007ffdbdf50000 - 0x00007ffdbe046000 	C:\WINDOWS\System32\ucrtbase.dll
0x00007ffdb3d80000 - 0x00007ffdb3fe7000 	C:\WINDOWS\WinSxS\amd64_microsoft.windows.common-controls_6595b64144ccf1df_6.0.15063.483_none_26002d27e7c744a2\COMCTL32.dll
0x00007ffdc0b60000 - 0x00007ffdc0e59000 	C:\WINDOWS\System32\combase.dll
0x00007ffdbe050000 - 0x00007ffdbe0ba000 	C:\WINDOWS\System32\bcryptPrimitives.dll
0x00007ffdc0600000 - 0x00007ffdc062d000 	C:\WINDOWS\System32\IMM32.DLL
0x00000000759a0000 - 0x0000000075a72000 	C:\Program Files\Java\jdk1.8.0_121\jre\bin\msvcr100.dll
0x0000000075100000 - 0x000000007599b000 	C:\Program Files\Java\jdk1.8.0_121\jre\bin\server\jvm.dll
0x00007ffdc1250000 - 0x00007ffdc1258000 	C:\WINDOWS\System32\PSAPI.DLL
0x00007ffdb4630000 - 0x00007ffdb4653000 	C:\WINDOWS\SYSTEM32\WINMM.dll
0x00007ffdb4750000 - 0x00007ffdb475a000 	C:\WINDOWS\SYSTEM32\VERSION.dll
0x00007ffdba640000 - 0x00007ffdba649000 	C:\WINDOWS\SYSTEM32\WSOCK32.dll
0x00007ffdbe7c0000 - 0x00007ffdbe82c000 	C:\WINDOWS\System32\WS2_32.dll
0x00007ffdb44b0000 - 0x00007ffdb44db000 	C:\WINDOWS\SYSTEM32\winmmbase.dll
0x00007ffdbd7e0000 - 0x00007ffdbd829000 	C:\WINDOWS\System32\cfgmgr32.dll
0x00000000750f0000 - 0x00000000750ff000 	C:\Program Files\Java\jdk1.8.0_121\jre\bin\verify.dll
0x00000000750c0000 - 0x00000000750e9000 	C:\Program Files\Java\jdk1.8.0_121\jre\bin\java.dll
0x00000000750a0000 - 0x00000000750b6000 	C:\Program Files\Java\jdk1.8.0_121\jre\bin\zip.dll
0x00007ffdbe920000 - 0x00007ffdbfd56000 	C:\WINDOWS\System32\SHELL32.dll
0x00007ffdbfd60000 - 0x00007ffdbfe0a000 	C:\WINDOWS\System32\shcore.dll
0x00007ffdbe0c0000 - 0x00007ffdbe7b1000 	C:\WINDOWS\System32\windows.storage.dll
0x00007ffdc02f0000 - 0x00007ffdc0341000 	C:\WINDOWS\System32\shlwapi.dll
0x00007ffdbd760000 - 0x00007ffdbd771000 	C:\WINDOWS\System32\kernel.appcore.dll
0x00007ffdbd6f0000 - 0x00007ffdbd73c000 	C:\WINDOWS\System32\powrprof.dll
0x00007ffdbd6d0000 - 0x00007ffdbd6e5000 	C:\WINDOWS\System32\profapi.dll
0x0000000065580000 - 0x0000000065616000 	C:\Users\Tommi\AppData\Local\Temp\libgdxTommi\38c81921\gdx64.dll
0x00007ffdbd120000 - 0x00007ffdbd137000 	C:\WINDOWS\SYSTEM32\CRYPTSP.dll
0x00007ffdbcba0000 - 0x00007ffdbcbd4000 	C:\WINDOWS\system32\rsaenh.dll
0x00007ffdbd5a0000 - 0x00007ffdbd5c5000 	C:\WINDOWS\SYSTEM32\bcrypt.dll
0x00007ffdbd5d0000 - 0x00007ffdbd5f9000 	C:\WINDOWS\SYSTEM32\USERENV.dll
0x00007ffdbd140000 - 0x00007ffdbd14b000 	C:\WINDOWS\SYSTEM32\CRYPTBASE.dll
0x0000000075080000 - 0x000000007509a000 	C:\Program Files\Java\jdk1.8.0_121\jre\bin\net.dll
0x00007ffdbcf80000 - 0x00007ffdbcfdc000 	C:\WINDOWS\system32\mswsock.dll
0x00007ffdbcd20000 - 0x00007ffdbcd57000 	C:\WINDOWS\SYSTEM32\IPHLPAPI.DLL
0x00007ffdc0b50000 - 0x00007ffdc0b58000 	C:\WINDOWS\System32\NSI.dll
0x00007ffdb6960000 - 0x00007ffdb6976000 	C:\WINDOWS\SYSTEM32\dhcpcsvc6.DLL
0x00007ffdb66d0000 - 0x00007ffdb66ea000 	C:\WINDOWS\SYSTEM32\dhcpcsvc.DLL
0x0000000075060000 - 0x0000000075071000 	C:\Program Files\Java\jdk1.8.0_121\jre\bin\nio.dll
0x0000000180000000 - 0x0000000180053000 	C:\Users\Tommi\AppData\Local\Temp\libgdxTommi\dc0f0009\lwjgl64.dll
0x00007ffda03d0000 - 0x00007ffda04f1000 	C:\WINDOWS\SYSTEM32\OPENGL32.dll
0x00007ffda10e0000 - 0x00007ffda110c000 	C:\WINDOWS\SYSTEM32\GLU32.dll
0x000000001a340000 - 0x000000001a3a4000 	C:\Users\Tommi\AppData\Local\Temp\libgdxTommi\dc0f0009\OpenAL64.dll
0x00007ffdc00a0000 - 0x00007ffdc01e5000 	C:\WINDOWS\System32\ole32.dll
0x00007ffdbbfd0000 - 0x00007ffdbc065000 	C:\WINDOWS\system32\uxtheme.dll
0x00007ffdbe880000 - 0x00007ffdbe91e000 	C:\WINDOWS\System32\clbcatq.dll
0x00007ffdb7e30000 - 0x00007ffdb7fc6000 	C:\WINDOWS\System32\PROPSYS.dll
0x00007ffdc10e0000 - 0x00007ffdc11a0000 	C:\WINDOWS\System32\OLEAUT32.dll
0x00007ffd90210000 - 0x00007ffd9029c000 	C:\WINDOWS\SYSTEM32\dsound.dll
0x00007ffdb8010000 - 0x00007ffdb8077000 	C:\WINDOWS\System32\MMDevApi.dll
0x00007ffdbc210000 - 0x00007ffdbc238000 	C:\WINDOWS\System32\DEVOBJ.dll
0x00007ffdb6da0000 - 0x00007ffdb6ea5000 	C:\WINDOWS\SYSTEM32\AUDIOSES.DLL
0x00007ffdba650000 - 0x00007ffdba789000 	C:\WINDOWS\SYSTEM32\wintypes.dll
0x00007ffdba120000 - 0x00007ffdba12b000 	C:\WINDOWS\SYSTEM32\AVRT.dll
0x00007ffdc0e60000 - 0x00007ffdc0fc6000 	C:\WINDOWS\System32\MSCTF.dll
0x00007ffdb39e0000 - 0x00007ffdb3a0a000 	C:\WINDOWS\system32\dwmapi.dll
0x00007ffdb1c70000 - 0x00007ffdb1cf2000 	C:\WINDOWS\System32\TextInputFramework.dll
0x00007ffdbb210000 - 0x00007ffdbb2f3000 	C:\WINDOWS\System32\CoreMessaging.dll
0x00007ffdb1990000 - 0x00007ffdb1c62000 	C:\WINDOWS\System32\CoreUIComponents.dll
0x00007ffdbc960000 - 0x00007ffdbc991000 	C:\WINDOWS\SYSTEM32\ntmarta.dll
0x00007ffdb7660000 - 0x00007ffdb7675000 	C:\WINDOWS\SYSTEM32\usermgrcli.dll
0x00007ffd73790000 - 0x00007ffd744a9000 	C:\WINDOWS\SYSTEM32\ig8icd64.dll
0x00007ffdad600000 - 0x00007ffdae040000 	C:\WINDOWS\SYSTEM32\igdusc64.dll
0x00007ffdba620000 - 0x00007ffdba633000 	C:\WINDOWS\SYSTEM32\WTSAPI32.dll
0x00007ffd9db80000 - 0x00007ffd9dc13000 	C:\WINDOWS\SYSTEM32\mscms.dll
0x00007ffd95400000 - 0x00007ffd95441000 	C:\WINDOWS\SYSTEM32\icm32.dll
0x00007ffdba210000 - 0x00007ffdba3b9000 	C:\WINDOWS\SYSTEM32\dbghelp.dll

VM Arguments:
jvm_args: -Dfile.encoding=UTF-8 
java_command: com.mygdx.game.desktop.DesktopLauncher
java_class_path (initial): C:\Users\Tommi\libGit\desktop\bin;C:\Users\Tommi\libGit\core\bin;C:\Users\Tommi\.gradle\caches\modules-2\files-2.1\com.badlogicgames.gdx\gdx-box2d\1.9.6\c249ef4060a4fada952f278455c8f7b9cba3c18a\gdx-box2d-1.9.6.jar;C:\Users\Tommi\.gradle\caches\modules-2\files-2.1\com.badlogicgames.gdx\gdx\1.9.6\47d1e9b890e364ec28f128e9bb3b9a12a94c164\gdx-1.9.6.jar;C:\Users\Tommi\.gradle\caches\modules-2\files-2.1\com.badlogicgames.gdx\gdx-backend-lwjgl\1.9.6\ee7c23636ee4a942d329579daecc3ec5e517fe4c\gdx-backend-lwjgl-1.9.6.jar;C:\Users\Tommi\.gradle\caches\modules-2\files-2.1\com.badlogicgames.gdx\gdx-box2d-platform\1.9.6\d7b6168f5afd3948fd126c0b248f66c49b73ca35\gdx-box2d-platform-1.9.6-natives-desktop.jar;C:\Users\Tommi\.gradle\caches\modules-2\files-2.1\com.badlogicgames.gdx\gdx-platform\1.9.6\6f84dd7a18dc68e4ec492dfbb0594f930babcf63\gdx-platform-1.9.6-natives-desktop.jar;C:\Users\Tommi\.gradle\caches\modules-2\files-2.1\com.badlogicgames.jlayer\jlayer\1.0.1-gdx\7cca83cec5c1b2f011362f4d85aabd71a73b049d\jlayer-1.0.1-gdx.jar;C:\Users\Tommi\.gradle\caches\modules-2\files-2.1\net.java.jinput\jinput-platform\2.0.5\385ee093e01f587f30ee1c8a2ee7d408fd732e16\jinput-platform-2.0.5-natives-windows.jar;C:\Users\Tommi\.gradle\caches\modules-2\files-2.1\net.java.jinput\jinput-platform\2.0.5\53f9c919f34d2ca9de8c51fc4e1e8282029a9232\jinput-platform-2.0.5-natives-osx.jar;C:\Users\Tommi\.gradle\caches\modules-2\files-2.1\net.java.jinput\jinput-platform\2.0.5\7ff832a6eb9ab6a767f1ade2b548092d0fa64795\jinput-platform-2.0.5-natives-linux.jar;C:\Users\Tommi\.gradle\caches\modules-2\files-2.1\net.java.jinput\jinput\2.0.5\39c7796b469a600f72380316f6b1f11db6c2c7c4\jinput-2.0.5.jar;C:\Users\Tommi\.gradle\caches\modules-2\files-2.1\net.java.jutils\jutils\1.0.0\e12fe1fda814bd348c1579329c86943d2cd3c6a6\jutils-1.0.0.jar;C:\Users\Tommi\.gradle\caches\modules-2\files-2.1\org.jcraft\jorbis\0.0.17\8872d22b293e8f5d7d56ff92be966e6dc28ebdc6\jorbis-0.0.17.jar;C:\Users\Tommi\.gradle\caches\mod
Launcher Type: SUN_STANDARD

Environment Variables:
JAVA_HOME=C:\Program Files\Java\jdk1.8.0_121
PATH=C:/Program Files/Java/jre1.8.0_144/bin/server;C:/Program Files/Java/jre1.8.0_144/bin;C:/Program Files/Java/jre1.8.0_144/lib/amd64;C:\Program Files\Haskell\bin;C:\Program Files\Haskell Platform\8.0.2\lib\extralibs\bin;C:\Program Files\Haskell Platform\8.0.2\bin;C:\ProgramData\Oracle\Java\javapath;C:\Program Files (x86)\Intel\iCLS Client\;C:\Program Files\Intel\iCLS Client\;C:\WINDOWS\system32;C:\WINDOWS;C:\WINDOWS\System32\Wbem;C:\WINDOWS\System32\WindowsPowerShell\v1.0\;C:\Program Files (x86)\Intel\Intel(R) Management Engine Components\DAL;C:\Program Files\Intel\Intel(R) Management Engine Components\DAL;C:\Program Files (x86)\Intel\Intel(R) Management Engine Components\IPT;C:\Program Files\Intel\Intel(R) Management Engine Components\IPT;C:\Program Files (x86)\Nmap;C:\Program Files\Git\cmd;C\Python27\;C:\Program Files (x86)\Microchip\MPLAB C32 Suite\bin;C:\Program Files (x86)\scala\bin;C:\Program Files\Haskell Platform\8.0.2\mingw\bin;C:\Program Files\Microsoft SQL Server\130\Tools\Binn\;C:\Program Files\dotnet\;C:\Program Files\nodejs\;C:\Program Files (x86)\GtkSharp\2.12\bin;C:\Program Files\Java\jdk1.8.0_121/bin;C:\Users\Tommi\AppData\Local\Programs\Python\Python36-32\Scripts\;C:\Users\Tommi\AppData\Local\Programs\Python\Python36-32\;C:\Users\Tommi\AppData\Roaming\cabal\bin;C:\Users\Tommi\AppData\Roaming\local\bin;C:\Program Files (x86)\Nmap;C:\Users\Tommi\AppData\Local\Microsoft\WindowsApps;C:\Program Files\Java\jdk1.8.0_121\bin;C:\Program Files (x86)\scala\bin;C:\Users\Tommi\AppData\Local\atom\bin;C:\Users\Tommi\AppData\Roaming\npm;%USERPROFILE%\AppData\Local\Microsoft\WindowsApps;;C:\WINDOWS\system32;
USERNAME=Tommi
OS=Windows_NT
PROCESSOR_IDENTIFIER=Intel64 Family 6 Model 61 Stepping 4, GenuineIntel



---------------  S Y S T E M  ---------------

OS: Windows 10.0 , 64 bit Build 15063 (10.0.15063.296)

CPU:total 4 (2 cores per cpu, 2 threads per core) family 6 model 61 stepping 4, cmov, cx8, fxsr, mmx, sse, sse2, sse3, ssse3, sse4.1, sse4.2, popcnt, avx, avx2, aes, clmul, erms, 3dnowpref, lzcnt, ht, tsc, tscinvbit, bmi1, bmi2, adx

Memory: 4k page, physical 8288980k(1045600k free), swap 27163348k(10718180k free)

vm_info: Java HotSpot(TM) 64-Bit Server VM (25.121-b13) for windows-amd64 JRE (1.8.0_121-b13), built on Dec 12 2016 18:21:36 by "java_re" with MS VC++ 10.0 (VS2010)

time: Thu Oct 12 23:26:34 2017
elapsed time: 12 seconds (0d 0h 0m 12s)

