#
# A fatal error has been detected by the Java Runtime Environment:
#
#  EXCEPTION_ACCESS_VIOLATION (0xc0000005) at pc=0x00007ffd73864673, pid=9592, tid=0x0000000000004104
#
# JRE version: Java(TM) SE Runtime Environment (8.0_121-b13) (build 1.8.0_121-b13)
# Java VM: Java HotSpot(TM) 64-Bit Server VM (25.121-b13 mixed mode windows-amd64 compressed oops)
# Problematic frame:
# C  [ig8icd64.dll+0xd4673]
#
# Failed to write core dump. Minidumps are not enabled by default on client versions of Windows
#
# If you would like to submit a bug report, please visit:
#   http://bugreport.java.com/bugreport/crash.jsp
# The crash happened outside the Java Virtual Machine in native code.
# See problematic frame for where to report the bug.
#

---------------  T H R E A D  ---------------

Current thread (0x0000000019481800):  JavaThread "LWJGL Application" [_thread_in_native, id=16644, stack(0x000000001a1f0000,0x000000001a2f0000)]

siginfo: ExceptionCode=0xc0000005, reading address 0x000000001a11d7e0

Registers:
RAX=0x000000000000001f, RBX=0x000000000000ffff, RCX=0x000000005df8edfc, RDX=0x000000001a11d7e0
RSP=0x000000001a2ee938, RBP=0x0000000000060000, RSI=0x000000001a2ee9b0, RDI=0x0000000000000000
R8 =0x000000000000000c, R9 =0x000000001a2ee9b0, R10=0x0000000043e7161c, R11=0x0000000000000006
R12=0x000000000000000c, R13=0x00000000d66739c0, R14=0x000000005f96e330, R15=0x000000005b5f56e0
RIP=0x00007ffd73864673, EFLAGS=0x0000000000010202

Top of Stack: (sp=0x000000001a2ee938)
0x000000001a2ee938:   00007ffd73866e76 000000005df8edfc
0x000000001a2ee948:   000000005b5d0080 0000000000000006
0x000000001a2ee958:   0000000000000014 000000001a2ee9c0
0x000000001a2ee968:   001605c25bfd0004 000000005b5d0080
0x000000001a2ee978:   00007ffd73d46402 0000000000001403
0x000000001a2ee988:   0000000000000000 0000000000000004
0x000000001a2ee998:   0000000000000006 0000000000000000
0x000000001a2ee9a8:   00007ffd73ac1136 0000000000001406
0x000000001a2ee9b8:   000000005b5d0080 0000000000000002
0x000000001a2ee9c8:   0000000000000004 0000000000000001
0x000000001a2ee9d8:   00007ffd73d47344 000000005b5d0080
0x000000001a2ee9e8:   0000000000000006 0000000000000000
0x000000001a2ee9f8:   00007ffd737f3846 0000000000000002
0x000000001a2eea08:   0000000000000004 000000005b5d0080
0x000000001a2eea18:   00007ffd73ac15c4 0000000000000006
0x000000001a2eea28:   0000000000000001 0000000000001403 

Instructions: (pc=0x00007ffd73864673)
0x00007ffd73864653:   c5 c2 07 66 41 3b c8 66 44 0f 43 c1 66 44 3b c0
0x00007ffd73864663:   66 41 0f 43 c0 0f b7 f8 4d 85 db 74 2c 4c 2b d2
0x00007ffd73864673:   0f b7 0a 48 8d 52 02 66 3b d9 0f b7 c1 66 41 89
0x00007ffd73864683:   4c 12 fe 66 0f 46 c3 66 3b f9 66 0f 43 cf 0f b7 


Register to memory mapping:

RAX=0x000000000000001f is an unknown value
RBX=0x000000000000ffff is an unknown value
RCX=0x000000005df8edfc is an unknown value
RDX=0x000000001a11d7e0 is an unknown value
RSP=0x000000001a2ee938 is pointing into the stack for thread: 0x0000000019481800
RBP=0x0000000000060000 is an unknown value
RSI=0x000000001a2ee9b0 is pointing into the stack for thread: 0x0000000019481800
RDI=0x0000000000000000 is an unknown value
R8 =0x000000000000000c is an unknown value
R9 =0x000000001a2ee9b0 is pointing into the stack for thread: 0x0000000019481800
R10=0x0000000043e7161c is an unknown value
R11=0x0000000000000006 is an unknown value
R12=0x000000000000000c is an unknown value
R13=0x00000000d66739c0 is an oop
com.badlogic.gdx.graphics.g2d.SpriteBatch 
 - klass: 'com/badlogic/gdx/graphics/g2d/SpriteBatch'
R14=0x000000005f96e330 is an unknown value
R15=0x000000005b5f56e0 is an unknown value


Stack: [0x000000001a1f0000,0x000000001a2f0000],  sp=0x000000001a2ee938,  free space=1018k
Native frames: (J=compiled Java code, j=interpreted, Vv=VM code, C=native code)
C  [ig8icd64.dll+0xd4673]
C  [ig8icd64.dll+0xd6e76]
C  [ig8icd64.dll+0x331136]
C  [ig8icd64.dll+0x5b7344]
C  [ig8icd64.dll+0x3315c4]
C  [ig8icd64.dll+0x5b7b31]
C  0x00000000028a7e5c

Java frames: (J=compiled Java code, j=interpreted, Vv=VM code)
J 633  org.lwjgl.opengl.GL11.nglDrawElements(IIIJJ)V (0 bytes) @ 0x00000000028a7dd6 [0x00000000028a7d80+0x56]
J 861 C2 com.badlogic.gdx.graphics.g2d.SpriteBatch.flush()V (185 bytes) @ 0x0000000002984f6c [0x0000000002984380+0xbec]
J 915 C2 com.badlogic.gdx.graphics.g2d.SpriteBatch.draw(Lcom/badlogic/gdx/graphics/Texture;FF)V (18 bytes) @ 0x00000000029e12c4 [0x00000000029e1220+0xa4]
j  com.mygdx.game.Updater.render(F)V+1875
J 848 C1 com.mygdx.game.Core.render()V (5 bytes) @ 0x0000000002974bc4 [0x00000000029749a0+0x224]
j  com.badlogic.gdx.backends.lwjgl.LwjglApplication.mainLoop()V+698
j  com.badlogic.gdx.backends.lwjgl.LwjglApplication$1.run()V+27
v  ~StubRoutines::call_stub

---------------  P R O C E S S  ---------------

Java Threads: ( => current thread )
  0x00000000196d3800 JavaThread "LWJGL Timer" daemon [_thread_blocked, id=18872, stack(0x00000000602b0000,0x00000000603b0000)]
  0x00000000196d3000 JavaThread "AsynchExecutor-Thread" daemon [_thread_blocked, id=11972, stack(0x00000000601b0000,0x00000000602b0000)]
  0x0000000002502800 JavaThread "DestroyJavaVM" [_thread_blocked, id=7112, stack(0x0000000000bf0000,0x0000000000cf0000)]
=>0x0000000019481800 JavaThread "LWJGL Application" [_thread_in_native, id=16644, stack(0x000000001a1f0000,0x000000001a2f0000)]
  0x00000000171ae800 JavaThread "Service Thread" daemon [_thread_blocked, id=9156, stack(0x0000000018ea0000,0x0000000018fa0000)]
  0x0000000017156000 JavaThread "C1 CompilerThread2" daemon [_thread_blocked, id=17588, stack(0x00000000189a0000,0x0000000018aa0000)]
  0x0000000017153000 JavaThread "C2 CompilerThread1" daemon [_thread_blocked, id=13876, stack(0x00000000188a0000,0x00000000189a0000)]
  0x000000001714f800 JavaThread "C2 CompilerThread0" daemon [_thread_blocked, id=15880, stack(0x00000000187a0000,0x00000000188a0000)]
  0x000000001714e000 JavaThread "Attach Listener" daemon [_thread_blocked, id=8600, stack(0x00000000186a0000,0x00000000187a0000)]
  0x000000001714c800 JavaThread "Signal Dispatcher" daemon [_thread_blocked, id=16796, stack(0x00000000185a0000,0x00000000186a0000)]
  0x000000001713a800 JavaThread "Finalizer" daemon [_thread_blocked, id=9820, stack(0x00000000183a0000,0x00000000184a0000)]
  0x0000000017119000 JavaThread "Reference Handler" daemon [_thread_blocked, id=10936, stack(0x00000000182a0000,0x00000000183a0000)]

Other Threads:
  0x0000000017117800 VMThread [stack: 0x00000000181a0000,0x00000000182a0000] [id=4404]
  0x0000000018ade000 WatcherThread [stack: 0x0000000018fa0000,0x00000000190a0000] [id=13444]

VM state:not at safepoint (normal execution)

VM Mutex/Monitor currently owned by a thread: None

Heap:
 PSYoungGen      total 38400K, used 18963K [0x00000000d5d80000, 0x00000000d8800000, 0x0000000100000000)
  eden space 33280K, 56% used [0x00000000d5d80000,0x00000000d7004de8,0x00000000d7e00000)
  from space 5120K, 0% used [0x00000000d8300000,0x00000000d8300000,0x00000000d8800000)
  to   space 5120K, 0% used [0x00000000d7e00000,0x00000000d7e00000,0x00000000d8300000)
 ParOldGen       total 87552K, used 0K [0x0000000081800000, 0x0000000086d80000, 0x00000000d5d80000)
  object space 87552K, 0% used [0x0000000081800000,0x0000000081800000,0x0000000086d80000)
 Metaspace       used 8003K, capacity 8131K, committed 8320K, reserved 1056768K
  class space    used 742K, capacity 784K, committed 896K, reserved 1048576K

Card table byte_map: [0x00000000119c0000,0x0000000011dc0000] byte_map_base: 0x00000000115b4000

Marking Bits: (ParMarkBitMap*) 0x000000007591b6d0
 Begin Bits: [0x0000000012470000, 0x0000000014410000)
 End Bits:   [0x0000000014410000, 0x00000000163b0000)

Polling page: 0x00000000003e0000

CodeCache: size=245760Kb used=4116Kb max_used=4135Kb free=241643Kb
 bounds [0x0000000002600000, 0x0000000002a20000, 0x0000000011600000]
 total_blobs=1403 nmethods=923 adapters=393
 compilation: enabled

Compilation events (10 events):
Event: 30.746 Thread 0x0000000017153000  918   !   4       org.lwjgl.opengl.Display::isFullscreen (34 bytes)
Event: 30.746 Thread 0x0000000017153000 nmethod 918 0x00000000029b0350 code [0x00000000029b04a0, 0x00000000029b06d8]
Event: 30.796 Thread 0x0000000017156000  919       3       org.lwjgl.opengl.WindowsKeyboard::handleKey (116 bytes)
Event: 30.796 Thread 0x0000000017156000 nmethod 919 0x00000000029af0d0 code [0x00000000029af280, 0x00000000029af868]
Event: 30.878 Thread 0x0000000017156000  920       3       org.lwjgl.opengl.WindowsDisplay::handleChar (61 bytes)
Event: 30.879 Thread 0x0000000017156000 nmethod 920 0x00000000029dd210 code [0x00000000029dd380, 0x00000000029dd668]
Event: 32.095 Thread 0x000000001714f800  921       4       com.badlogic.gdx.graphics.g2d.SpriteBatch::end (90 bytes)
Event: 32.099 Thread 0x000000001714f800 nmethod 921 0x00000000029deed0 code [0x00000000029df080, 0x00000000029df430]
Event: 32.813 Thread 0x0000000017156000  922       3       java.lang.Thread::interrupted (8 bytes)
Event: 32.813 Thread 0x0000000017156000 nmethod 922 0x00000000029ae8d0 code [0x00000000029aea40, 0x00000000029aebc8]

GC Heap History (0 events):
No events

Deoptimization events (7 events):
Event: 7.621 Thread 0x0000000019481800 Uncommon trap: reason=unstable_if action=reinterpret pc=0x00000000028cf3a4 method=com.badlogic.gdx.maps.tiled.TiledMapTileLayer.getCell(II)Lcom/badlogic/gdx/maps/tiled/TiledMapTileLayer$Cell; @ 23
Event: 7.621 Thread 0x0000000019481800 Uncommon trap: reason=unstable_if action=reinterpret pc=0x00000000028669a8 method=com.badlogic.gdx.maps.tiled.TiledMapTileLayer.getCell(II)Lcom/badlogic/gdx/maps/tiled/TiledMapTileLayer$Cell; @ 23
Event: 17.346 Thread 0x0000000019481800 Uncommon trap: reason=class_check action=maybe_recompile pc=0x00000000029a0a60 method=com.mygdx.game.Updater.render(F)V @ 1385
Event: 18.662 Thread 0x0000000019481800 Uncommon trap: reason=unstable_if action=reinterpret pc=0x000000000299433c method=org.lwjgl.opengl.Sync.sync(I)V @ 30
Event: 20.912 Thread 0x0000000019481800 Uncommon trap: reason=unstable_if action=reinterpret pc=0x00000000029a087c method=com.badlogic.gdx.math.Rectangle.overlaps(Lcom/badlogic/gdx/math/Rectangle;)Z @ 48
Event: 20.912 Thread 0x0000000019481800 Uncommon trap: reason=unstable_if action=reinterpret pc=0x0000000002975978 method=com.badlogic.gdx.math.Rectangle.overlaps(Lcom/badlogic/gdx/math/Rectangle;)Z @ 48
Event: 32.815 Thread 0x0000000019481800 Uncommon trap: reason=unloaded action=reinterpret pc=0x0000000002a0b0d0 method=com.mygdx.game.Updater.render(F)V @ 1494

Internal exceptions (10 events):
Event: 0.142 Thread 0x0000000002502800 Exception <a 'java/security/PrivilegedActionException'> (0x00000000d6020770) thrown at [C:\re\workspace\8-2-build-windows-amd64-cygwin\jdk8u121\8372\hotspot\src\share\vm\prims\jvm.cpp, line 1390]
Event: 0.142 Thread 0x0000000002502800 Exception <a 'java/security/PrivilegedActionException'> (0x00000000d6020980) thrown at [C:\re\workspace\8-2-build-windows-amd64-cygwin\jdk8u121\8372\hotspot\src\share\vm\prims\jvm.cpp, line 1390]
Event: 0.142 Thread 0x0000000002502800 Exception <a 'java/security/PrivilegedActionException'> (0x00000000d6024890) thrown at [C:\re\workspace\8-2-build-windows-amd64-cygwin\jdk8u121\8372\hotspot\src\share\vm\prims\jvm.cpp, line 1390]
Event: 0.142 Thread 0x0000000002502800 Exception <a 'java/security/PrivilegedActionException'> (0x00000000d6024aa0) thrown at [C:\re\workspace\8-2-build-windows-amd64-cygwin\jdk8u121\8372\hotspot\src\share\vm\prims\jvm.cpp, line 1390]
Event: 0.278 Thread 0x0000000002502800 Exception <a 'java/security/PrivilegedActionException'> (0x00000000d61453e8) thrown at [C:\re\workspace\8-2-build-windows-amd64-cygwin\jdk8u121\8372\hotspot\src\share\vm\prims\jvm.cpp, line 1390]
Event: 0.278 Thread 0x0000000002502800 Exception <a 'java/security/PrivilegedActionException'> (0x00000000d61470c0) thrown at [C:\re\workspace\8-2-build-windows-amd64-cygwin\jdk8u121\8372\hotspot\src\share\vm\prims\jvm.cpp, line 1390]
Event: 0.278 Thread 0x0000000002502800 Exception <a 'java/security/PrivilegedActionException'> (0x00000000d6148230) thrown at [C:\re\workspace\8-2-build-windows-amd64-cygwin\jdk8u121\8372\hotspot\src\share\vm\prims\jvm.cpp, line 1390]
Event: 0.278 Thread 0x0000000002502800 Exception <a 'java/security/PrivilegedActionException'> (0x00000000d614d398) thrown at [C:\re\workspace\8-2-build-windows-amd64-cygwin\jdk8u121\8372\hotspot\src\share\vm\prims\jvm.cpp, line 1390]
Event: 0.279 Thread 0x0000000002502800 Exception <a 'java/security/PrivilegedActionException'> (0x00000000d614dff0) thrown at [C:\re\workspace\8-2-build-windows-amd64-cygwin\jdk8u121\8372\hotspot\src\share\vm\prims\jvm.cpp, line 1390]
Event: 0.279 Thread 0x0000000002502800 Exception <a 'java/security/PrivilegedActionException'> (0x00000000d614ec18) thrown at [C:\re\workspace\8-2-build-windows-amd64-cygwin\jdk8u121\8372\hotspot\src\share\vm\prims\jvm.cpp, line 1390]

Events (10 events):
Event: 32.813 loading class com/badlogic/gdx/utils/ReflectionPool done
Event: 32.814 loading class com/badlogic/gdx/utils/reflect/Constructor
Event: 32.814 loading class com/badlogic/gdx/utils/reflect/Constructor done
Event: 32.814 loading class java/lang/reflect/InvocationTargetException
Event: 32.814 loading class java/lang/reflect/InvocationTargetException done
Event: 32.814 loading class com/badlogic/gdx/scenes/scene2d/InputEvent$Type
Event: 32.814 loading class com/badlogic/gdx/scenes/scene2d/InputEvent$Type done
Event: 32.815 Thread 0x0000000019481800 Uncommon trap: trap_request=0x000001ea fr.pc=0x0000000002a0b0d0
Event: 32.815 Thread 0x0000000019481800 DEOPT PACKING pc=0x0000000002a0b0d0 sp=0x000000001a2eec80
Event: 32.815 Thread 0x0000000019481800 DEOPT UNPACKING pc=0x000000000264582a sp=0x000000001a2eec38 mode 2


Dynamic libraries:
0x00007ff7423e0000 - 0x00007ff742417000 	C:\Program Files\Java\jdk1.8.0_121\bin\javaw.exe
0x00007ffdc1260000 - 0x00007ffdc143b000 	C:\WINDOWS\SYSTEM32\ntdll.dll
0x00007ffdc11a0000 - 0x00007ffdc124e000 	C:\WINDOWS\System32\KERNEL32.DLL
0x00007ffdbda20000 - 0x00007ffdbdc69000 	C:\WINDOWS\System32\KERNELBASE.dll
0x00007ffdc04f0000 - 0x00007ffdc0591000 	C:\WINDOWS\System32\ADVAPI32.dll
0x00007ffdc0250000 - 0x00007ffdc02ed000 	C:\WINDOWS\System32\msvcrt.dll
0x00007ffdc01f0000 - 0x00007ffdc0249000 	C:\WINDOWS\System32\sechost.dll
0x00007ffdbff60000 - 0x00007ffdc0085000 	C:\WINDOWS\System32\RPCRT4.dll
0x00007ffdbfe10000 - 0x00007ffdbff5a000 	C:\WINDOWS\System32\USER32.dll
0x00007ffdbd830000 - 0x00007ffdbd84e000 	C:\WINDOWS\System32\win32u.dll
0x00007ffdbe850000 - 0x00007ffdbe877000 	C:\WINDOWS\System32\GDI32.dll
0x00007ffdbdc70000 - 0x00007ffdbddf7000 	C:\WINDOWS\System32\gdi32full.dll
0x00007ffdbde00000 - 0x00007ffdbde9a000 	C:\WINDOWS\System32\msvcp_win.dll
0x00007ffdbdf50000 - 0x00007ffdbe046000 	C:\WINDOWS\System32\ucrtbase.dll
0x00007ffdb3d80000 - 0x00007ffdb3fe7000 	C:\WINDOWS\WinSxS\amd64_microsoft.windows.common-controls_6595b64144ccf1df_6.0.15063.483_none_26002d27e7c744a2\COMCTL32.dll
0x00007ffdc0b60000 - 0x00007ffdc0e59000 	C:\WINDOWS\System32\combase.dll
0x00007ffdbe050000 - 0x00007ffdbe0ba000 	C:\WINDOWS\System32\bcryptPrimitives.dll
0x00007ffdc0600000 - 0x00007ffdc062d000 	C:\WINDOWS\System32\IMM32.DLL
0x00000000759a0000 - 0x0000000075a72000 	C:\Program Files\Java\jdk1.8.0_121\jre\bin\msvcr100.dll
0x0000000075100000 - 0x000000007599b000 	C:\Program Files\Java\jdk1.8.0_121\jre\bin\server\jvm.dll
0x00007ffdc1250000 - 0x00007ffdc1258000 	C:\WINDOWS\System32\PSAPI.DLL
0x00007ffdb4630000 - 0x00007ffdb4653000 	C:\WINDOWS\SYSTEM32\WINMM.dll
0x00007ffdba640000 - 0x00007ffdba649000 	C:\WINDOWS\SYSTEM32\WSOCK32.dll
0x00007ffdbe7c0000 - 0x00007ffdbe82c000 	C:\WINDOWS\System32\WS2_32.dll
0x00007ffdb4750000 - 0x00007ffdb475a000 	C:\WINDOWS\SYSTEM32\VERSION.dll
0x00007ffdb44b0000 - 0x00007ffdb44db000 	C:\WINDOWS\SYSTEM32\WINMMBASE.dll
0x00007ffdbd7e0000 - 0x00007ffdbd829000 	C:\WINDOWS\System32\cfgmgr32.dll
0x00000000750f0000 - 0x00000000750ff000 	C:\Program Files\Java\jdk1.8.0_121\jre\bin\verify.dll
0x00000000750c0000 - 0x00000000750e9000 	C:\Program Files\Java\jdk1.8.0_121\jre\bin\java.dll
0x00000000750a0000 - 0x00000000750b6000 	C:\Program Files\Java\jdk1.8.0_121\jre\bin\zip.dll
0x00007ffdbe920000 - 0x00007ffdbfd56000 	C:\WINDOWS\System32\SHELL32.dll
0x00007ffdbfd60000 - 0x00007ffdbfe0a000 	C:\WINDOWS\System32\shcore.dll
0x00007ffdbe0c0000 - 0x00007ffdbe7b1000 	C:\WINDOWS\System32\windows.storage.dll
0x00007ffdc02f0000 - 0x00007ffdc0341000 	C:\WINDOWS\System32\shlwapi.dll
0x00007ffdbd760000 - 0x00007ffdbd771000 	C:\WINDOWS\System32\kernel.appcore.dll
0x00007ffdbd6f0000 - 0x00007ffdbd73c000 	C:\WINDOWS\System32\powrprof.dll
0x00007ffdbd6d0000 - 0x00007ffdbd6e5000 	C:\WINDOWS\System32\profapi.dll
0x0000000065580000 - 0x0000000065616000 	C:\Users\Tommi\AppData\Local\Temp\libgdxTommi\38c81921\gdx64.dll
0x00007ffdbd120000 - 0x00007ffdbd137000 	C:\WINDOWS\SYSTEM32\CRYPTSP.dll
0x00007ffdbcba0000 - 0x00007ffdbcbd4000 	C:\WINDOWS\system32\rsaenh.dll
0x00007ffdbd5a0000 - 0x00007ffdbd5c5000 	C:\WINDOWS\SYSTEM32\bcrypt.dll
0x00007ffdbd5d0000 - 0x00007ffdbd5f9000 	C:\WINDOWS\SYSTEM32\USERENV.dll
0x00007ffdbd140000 - 0x00007ffdbd14b000 	C:\WINDOWS\SYSTEM32\CRYPTBASE.dll
0x0000000075080000 - 0x000000007509a000 	C:\Program Files\Java\jdk1.8.0_121\jre\bin\net.dll
0x00007ffdbcf80000 - 0x00007ffdbcfdc000 	C:\WINDOWS\system32\mswsock.dll
0x00007ffdbcd20000 - 0x00007ffdbcd57000 	C:\WINDOWS\SYSTEM32\IPHLPAPI.DLL
0x00007ffdc0b50000 - 0x00007ffdc0b58000 	C:\WINDOWS\System32\NSI.dll
0x00007ffdb6960000 - 0x00007ffdb6976000 	C:\WINDOWS\SYSTEM32\dhcpcsvc6.DLL
0x00007ffdb66d0000 - 0x00007ffdb66ea000 	C:\WINDOWS\SYSTEM32\dhcpcsvc.DLL
0x0000000075060000 - 0x0000000075071000 	C:\Program Files\Java\jdk1.8.0_121\jre\bin\nio.dll
0x0000000180000000 - 0x0000000180053000 	C:\Users\Tommi\AppData\Local\Temp\libgdxTommi\dc0f0009\lwjgl64.dll
0x00007ffda03d0000 - 0x00007ffda04f1000 	C:\WINDOWS\SYSTEM32\OPENGL32.dll
0x00007ffda10e0000 - 0x00007ffda110c000 	C:\WINDOWS\SYSTEM32\GLU32.dll
0x0000000019c10000 - 0x0000000019c74000 	C:\Users\Tommi\AppData\Local\Temp\libgdxTommi\dc0f0009\OpenAL64.dll
0x00007ffdc00a0000 - 0x00007ffdc01e5000 	C:\WINDOWS\System32\ole32.dll
0x00007ffdbbfd0000 - 0x00007ffdbc065000 	C:\WINDOWS\system32\uxtheme.dll
0x00007ffdbe880000 - 0x00007ffdbe91e000 	C:\WINDOWS\System32\clbcatq.dll
0x00007ffdb7e30000 - 0x00007ffdb7fc6000 	C:\WINDOWS\System32\PROPSYS.dll
0x00007ffdc10e0000 - 0x00007ffdc11a0000 	C:\WINDOWS\System32\OLEAUT32.dll
0x00007ffd90210000 - 0x00007ffd9029c000 	C:\WINDOWS\SYSTEM32\dsound.dll
0x00007ffdb8010000 - 0x00007ffdb8077000 	C:\WINDOWS\System32\MMDevApi.dll
0x00007ffdbc210000 - 0x00007ffdbc238000 	C:\WINDOWS\System32\DEVOBJ.dll
0x00007ffdb6da0000 - 0x00007ffdb6ea5000 	C:\WINDOWS\SYSTEM32\AUDIOSES.DLL
0x00007ffdba650000 - 0x00007ffdba789000 	C:\WINDOWS\SYSTEM32\wintypes.dll
0x00007ffdba120000 - 0x00007ffdba12b000 	C:\WINDOWS\SYSTEM32\AVRT.dll
0x00007ffdc0e60000 - 0x00007ffdc0fc6000 	C:\WINDOWS\System32\MSCTF.dll
0x00007ffdb39e0000 - 0x00007ffdb3a0a000 	C:\WINDOWS\system32\dwmapi.dll
0x00007ffdb1c70000 - 0x00007ffdb1cf2000 	C:\WINDOWS\System32\TextInputFramework.dll
0x00007ffdb1990000 - 0x00007ffdb1c62000 	C:\WINDOWS\System32\CoreUIComponents.dll
0x00007ffdbb210000 - 0x00007ffdbb2f3000 	C:\WINDOWS\System32\CoreMessaging.dll
0x00007ffdbc960000 - 0x00007ffdbc991000 	C:\WINDOWS\SYSTEM32\ntmarta.dll
0x00007ffdb7660000 - 0x00007ffdb7675000 	C:\WINDOWS\SYSTEM32\usermgrcli.dll
0x00007ffd73790000 - 0x00007ffd744a9000 	C:\WINDOWS\SYSTEM32\ig8icd64.dll
0x00007ffdad600000 - 0x00007ffdae040000 	C:\WINDOWS\SYSTEM32\igdusc64.dll
0x00007ffdba620000 - 0x00007ffdba633000 	C:\WINDOWS\SYSTEM32\WTSAPI32.dll
0x00007ffd9db80000 - 0x00007ffd9dc13000 	C:\WINDOWS\SYSTEM32\mscms.dll
0x00007ffd95400000 - 0x00007ffd95441000 	C:\WINDOWS\SYSTEM32\icm32.dll
0x00007ffdba210000 - 0x00007ffdba3b9000 	C:\WINDOWS\SYSTEM32\dbghelp.dll

VM Arguments:
jvm_args: -Dfile.encoding=UTF-8 
java_command: com.mygdx.game.desktop.DesktopLauncher
java_class_path (initial): C:\Users\Tommi\libGit\desktop\bin;C:\Users\Tommi\libGit\core\bin;C:\Users\Tommi\.gradle\caches\modules-2\files-2.1\com.badlogicgames.gdx\gdx-box2d\1.9.6\c249ef4060a4fada952f278455c8f7b9cba3c18a\gdx-box2d-1.9.6.jar;C:\Users\Tommi\.gradle\caches\modules-2\files-2.1\com.badlogicgames.gdx\gdx\1.9.6\47d1e9b890e364ec28f128e9bb3b9a12a94c164\gdx-1.9.6.jar;C:\Users\Tommi\.gradle\caches\modules-2\files-2.1\com.badlogicgames.gdx\gdx-backend-lwjgl\1.9.6\ee7c23636ee4a942d329579daecc3ec5e517fe4c\gdx-backend-lwjgl-1.9.6.jar;C:\Users\Tommi\.gradle\caches\modules-2\files-2.1\com.badlogicgames.gdx\gdx-box2d-platform\1.9.6\d7b6168f5afd3948fd126c0b248f66c49b73ca35\gdx-box2d-platform-1.9.6-natives-desktop.jar;C:\Users\Tommi\.gradle\caches\modules-2\files-2.1\com.badlogicgames.gdx\gdx-platform\1.9.6\6f84dd7a18dc68e4ec492dfbb0594f930babcf63\gdx-platform-1.9.6-natives-desktop.jar;C:\Users\Tommi\.gradle\caches\modules-2\files-2.1\com.badlogicgames.jlayer\jlayer\1.0.1-gdx\7cca83cec5c1b2f011362f4d85aabd71a73b049d\jlayer-1.0.1-gdx.jar;C:\Users\Tommi\.gradle\caches\modules-2\files-2.1\net.java.jinput\jinput-platform\2.0.5\385ee093e01f587f30ee1c8a2ee7d408fd732e16\jinput-platform-2.0.5-natives-windows.jar;C:\Users\Tommi\.gradle\caches\modules-2\files-2.1\net.java.jinput\jinput-platform\2.0.5\53f9c919f34d2ca9de8c51fc4e1e8282029a9232\jinput-platform-2.0.5-natives-osx.jar;C:\Users\Tommi\.gradle\caches\modules-2\files-2.1\net.java.jinput\jinput-platform\2.0.5\7ff832a6eb9ab6a767f1ade2b548092d0fa64795\jinput-platform-2.0.5-natives-linux.jar;C:\Users\Tommi\.gradle\caches\modules-2\files-2.1\net.java.jinput\jinput\2.0.5\39c7796b469a600f72380316f6b1f11db6c2c7c4\jinput-2.0.5.jar;C:\Users\Tommi\.gradle\caches\modules-2\files-2.1\net.java.jutils\jutils\1.0.0\e12fe1fda814bd348c1579329c86943d2cd3c6a6\jutils-1.0.0.jar;C:\Users\Tommi\.gradle\caches\modules-2\files-2.1\org.jcraft\jorbis\0.0.17\8872d22b293e8f5d7d56ff92be966e6dc28ebdc6\jorbis-0.0.17.jar;C:\Users\Tommi\.gradle\caches\mod
Launcher Type: SUN_STANDARD

Environment Variables:
JAVA_HOME=C:\Program Files\Java\jdk1.8.0_121
PATH=C:/Program Files/Java/jre1.8.0_144/bin/server;C:/Program Files/Java/jre1.8.0_144/bin;C:/Program Files/Java/jre1.8.0_144/lib/amd64;C:\Program Files\Haskell\bin;C:\Program Files\Haskell Platform\8.0.2\lib\extralibs\bin;C:\Program Files\Haskell Platform\8.0.2\bin;C:\ProgramData\Oracle\Java\javapath;C:\Program Files (x86)\Intel\iCLS Client\;C:\Program Files\Intel\iCLS Client\;C:\WINDOWS\system32;C:\WINDOWS;C:\WINDOWS\System32\Wbem;C:\WINDOWS\System32\WindowsPowerShell\v1.0\;C:\Program Files (x86)\Intel\Intel(R) Management Engine Components\DAL;C:\Program Files\Intel\Intel(R) Management Engine Components\DAL;C:\Program Files (x86)\Intel\Intel(R) Management Engine Components\IPT;C:\Program Files\Intel\Intel(R) Management Engine Components\IPT;C:\Program Files (x86)\Nmap;C:\Program Files\Git\cmd;C\Python27\;C:\Program Files (x86)\Microchip\MPLAB C32 Suite\bin;C:\Program Files (x86)\scala\bin;C:\Program Files\Haskell Platform\8.0.2\mingw\bin;C:\Program Files\Microsoft SQL Server\130\Tools\Binn\;C:\Program Files\dotnet\;C:\Program Files\nodejs\;C:\Program Files (x86)\GtkSharp\2.12\bin;C:\Program Files\Java\jdk1.8.0_121/bin;C:\Users\Tommi\AppData\Local\Programs\Python\Python36-32\Scripts\;C:\Users\Tommi\AppData\Local\Programs\Python\Python36-32\;C:\Users\Tommi\AppData\Roaming\cabal\bin;C:\Users\Tommi\AppData\Roaming\local\bin;C:\Program Files (x86)\Nmap;C:\Users\Tommi\AppData\Local\Microsoft\WindowsApps;C:\Program Files\Java\jdk1.8.0_121\bin;C:\Program Files (x86)\scala\bin;C:\Users\Tommi\AppData\Local\atom\bin;C:\Users\Tommi\AppData\Roaming\npm;%USERPROFILE%\AppData\Local\Microsoft\WindowsApps;;C:\WINDOWS\system32;
USERNAME=Tommi
OS=Windows_NT
PROCESSOR_IDENTIFIER=Intel64 Family 6 Model 61 Stepping 4, GenuineIntel



---------------  S Y S T E M  ---------------

OS: Windows 10.0 , 64 bit Build 15063 (10.0.15063.296)

CPU:total 4 (2 cores per cpu, 2 threads per core) family 6 model 61 stepping 4, cmov, cx8, fxsr, mmx, sse, sse2, sse3, ssse3, sse4.1, sse4.2, popcnt, avx, avx2, aes, clmul, erms, 3dnowpref, lzcnt, ht, tsc, tscinvbit, bmi1, bmi2, adx

Memory: 4k page, physical 8288980k(801712k free), swap 27163348k(10880924k free)

vm_info: Java HotSpot(TM) 64-Bit Server VM (25.121-b13) for windows-amd64 JRE (1.8.0_121-b13), built on Dec 12 2016 18:21:36 by "java_re" with MS VC++ 10.0 (VS2010)

time: Thu Oct 12 23:22:19 2017
elapsed time: 32 seconds (0d 0h 0m 32s)

