#
# A fatal error has been detected by the Java Runtime Environment:
#
#  EXCEPTION_ACCESS_VIOLATION (0xc0000005) at pc=0x00007ffd73864673, pid=4972, tid=0x0000000000002d78
#
# JRE version: Java(TM) SE Runtime Environment (8.0_121-b13) (build 1.8.0_121-b13)
# Java VM: Java HotSpot(TM) 64-Bit Server VM (25.121-b13 mixed mode windows-amd64 compressed oops)
# Problematic frame:
# C  [ig8icd64.dll+0xd4673]
#
# Failed to write core dump. Minidumps are not enabled by default on client versions of Windows
#
# If you would like to submit a bug report, please visit:
#   http://bugreport.java.com/bugreport/crash.jsp
# The crash happened outside the Java Virtual Machine in native code.
# See problematic frame for where to report the bug.
#

---------------  T H R E A D  ---------------

Current thread (0x0000000019dcf000):  JavaThread "LWJGL Application" [_thread_in_native, id=11640, stack(0x000000001aad0000,0x000000001abd0000)]

siginfo: ExceptionCode=0xc0000005, reading address 0x000000001a9fd7e0

Registers:
RAX=0x000000000000001f, RBX=0x000000000000ffff, RCX=0x000000005fa384b0, RDX=0x000000001a9fd7e0
RSP=0x000000001abcf088, RBP=0x0000000000060000, RSI=0x000000001abcf100, RDI=0x0000000000000000
R8 =0x000000000000000c, R9 =0x000000001abcf100, R10=0x000000004503acd0, R11=0x0000000000000006
R12=0x000000000000000c, R13=0x00000000d6673770, R14=0x0000000060214600, R15=0x000000005beb56e0
RIP=0x00007ffd73864673, EFLAGS=0x0000000000010202

Top of Stack: (sp=0x000000001abcf088)
0x000000001abcf088:   00007ffd73866e76 000000005fa384b0
0x000000001abcf098:   000000005be90080 0000000000000006
0x000000001abcf0a8:   0000000000000014 000000001abcf110
0x000000001abcf0b8:   001605c25bfd0004 000000005be90080
0x000000001abcf0c8:   00007ffd73d46402 0000000000001403
0x000000001abcf0d8:   0000000000000000 0000000000000004
0x000000001abcf0e8:   0000000000000006 0000000000000000
0x000000001abcf0f8:   00007ffd73ac1136 0000000000001406
0x000000001abcf108:   000000005be90080 0000000000000002
0x000000001abcf118:   0000000000000004 0000000000000001
0x000000001abcf128:   00007ffd73d47344 000000005be90080
0x000000001abcf138:   0000000000000006 0000000000000000
0x000000001abcf148:   0000000000001403 0000000000000002
0x000000001abcf158:   0000000000000004 000000005be90080
0x000000001abcf168:   00007ffd73ac15c4 0000000000000006
0x000000001abcf178:   0000000000000001 0000000000001403 

Instructions: (pc=0x00007ffd73864673)
0x00007ffd73864653:   c5 c2 07 66 41 3b c8 66 44 0f 43 c1 66 44 3b c0
0x00007ffd73864663:   66 41 0f 43 c0 0f b7 f8 4d 85 db 74 2c 4c 2b d2
0x00007ffd73864673:   0f b7 0a 48 8d 52 02 66 3b d9 0f b7 c1 66 41 89
0x00007ffd73864683:   4c 12 fe 66 0f 46 c3 66 3b f9 66 0f 43 cf 0f b7 


Register to memory mapping:

RAX=0x000000000000001f is an unknown value
RBX=0x000000000000ffff is an unknown value
RCX=0x000000005fa384b0 is an unknown value
RDX=0x000000001a9fd7e0 is an unknown value
RSP=0x000000001abcf088 is pointing into the stack for thread: 0x0000000019dcf000
RBP=0x0000000000060000 is an unknown value
RSI=0x000000001abcf100 is pointing into the stack for thread: 0x0000000019dcf000
RDI=0x0000000000000000 is an unknown value
R8 =0x000000000000000c is an unknown value
R9 =0x000000001abcf100 is pointing into the stack for thread: 0x0000000019dcf000
R10=0x000000004503acd0 is an unknown value
R11=0x0000000000000006 is an unknown value
R12=0x000000000000000c is an unknown value
R13=0x00000000d6673770 is an oop
com.badlogic.gdx.graphics.g2d.SpriteBatch 
 - klass: 'com/badlogic/gdx/graphics/g2d/SpriteBatch'
R14=0x0000000060214600 is an unknown value
R15=0x000000005beb56e0 is an unknown value


Stack: [0x000000001aad0000,0x000000001abd0000],  sp=0x000000001abcf088,  free space=1020k
Native frames: (J=compiled Java code, j=interpreted, Vv=VM code, C=native code)
C  [ig8icd64.dll+0xd4673]
C  [ig8icd64.dll+0xd6e76]
C  [ig8icd64.dll+0x331136]
C  [ig8icd64.dll+0x5b7344]
C  [ig8icd64.dll+0x3315c4]
C  [ig8icd64.dll+0x5b7b31]
C  0x000000000323641c

Java frames: (J=compiled Java code, j=interpreted, Vv=VM code)
J 657  org.lwjgl.opengl.GL11.nglDrawElements(IIIJJ)V (0 bytes) @ 0x0000000003236396 [0x0000000003236340+0x56]
J 852 C2 com.badlogic.gdx.graphics.g2d.SpriteBatch.flush()V (185 bytes) @ 0x00000000032ebb94 [0x00000000032eafc0+0xbd4]
J 907 C2 com.badlogic.gdx.graphics.g2d.SpriteBatch.draw(Lcom/badlogic/gdx/graphics/Texture;FF)V (18 bytes) @ 0x000000000331dc98 [0x000000000331dba0+0xf8]
j  com.mygdx.game.Updater.render(F)V+1802
J 836 C1 com.mygdx.game.Core.render()V (5 bytes) @ 0x00000000032d7b04 [0x00000000032d78e0+0x224]
j  com.badlogic.gdx.backends.lwjgl.LwjglApplication.mainLoop()V+698
j  com.badlogic.gdx.backends.lwjgl.LwjglApplication$1.run()V+27
v  ~StubRoutines::call_stub

---------------  P R O C E S S  ---------------

Java Threads: ( => current thread )
  0x000000001a150000 JavaThread "LWJGL Timer" daemon [_thread_blocked, id=3820, stack(0x0000000060b10000,0x0000000060c10000)]
  0x000000001a037000 JavaThread "AsynchExecutor-Thread" daemon [_thread_blocked, id=17208, stack(0x0000000060a10000,0x0000000060b10000)]
  0x0000000002e82800 JavaThread "DestroyJavaVM" [_thread_blocked, id=12744, stack(0x0000000002d80000,0x0000000002e80000)]
=>0x0000000019dcf000 JavaThread "LWJGL Application" [_thread_in_native, id=11640, stack(0x000000001aad0000,0x000000001abd0000)]
  0x0000000017b2c800 JavaThread "Service Thread" daemon [_thread_blocked, id=9320, stack(0x0000000019820000,0x0000000019920000)]
  0x0000000017b1f000 JavaThread "C1 CompilerThread2" daemon [_thread_blocked, id=11596, stack(0x0000000019320000,0x0000000019420000)]
  0x0000000017b14000 JavaThread "C2 CompilerThread1" daemon [_thread_blocked, id=2824, stack(0x0000000019220000,0x0000000019320000)]
  0x0000000017acf800 JavaThread "C2 CompilerThread0" daemon [_thread_blocked, id=19140, stack(0x0000000019120000,0x0000000019220000)]
  0x0000000017ace000 JavaThread "Attach Listener" daemon [_thread_blocked, id=19780, stack(0x0000000019020000,0x0000000019120000)]
  0x0000000017acd000 JavaThread "Signal Dispatcher" daemon [_thread_blocked, id=6776, stack(0x0000000018f20000,0x0000000019020000)]
  0x0000000017aba800 JavaThread "Finalizer" daemon [_thread_blocked, id=4936, stack(0x0000000018d30000,0x0000000018e30000)]
  0x0000000017a99800 JavaThread "Reference Handler" daemon [_thread_blocked, id=5020, stack(0x0000000018c30000,0x0000000018d30000)]

Other Threads:
  0x0000000017a97800 VMThread [stack: 0x0000000018b30000,0x0000000018c30000] [id=616]
  0x0000000019464000 WatcherThread [stack: 0x0000000019920000,0x0000000019a20000] [id=5884]

VM state:not at safepoint (normal execution)

VM Mutex/Monitor currently owned by a thread: None

Heap:
 PSYoungGen      total 38400K, used 20959K [0x00000000d5d80000, 0x00000000d8800000, 0x0000000100000000)
  eden space 33280K, 62% used [0x00000000d5d80000,0x00000000d71f7dd0,0x00000000d7e00000)
  from space 5120K, 0% used [0x00000000d8300000,0x00000000d8300000,0x00000000d8800000)
  to   space 5120K, 0% used [0x00000000d7e00000,0x00000000d7e00000,0x00000000d8300000)
 ParOldGen       total 87552K, used 0K [0x0000000081800000, 0x0000000086d80000, 0x00000000d5d80000)
  object space 87552K, 0% used [0x0000000081800000,0x0000000081800000,0x0000000086d80000)
 Metaspace       used 7989K, capacity 8067K, committed 8320K, reserved 1056768K
  class space    used 742K, capacity 784K, committed 896K, reserved 1048576K

Card table byte_map: [0x0000000012340000,0x0000000012740000] byte_map_base: 0x0000000011f34000

Marking Bits: (ParMarkBitMap*) 0x000000007591b6d0
 Begin Bits: [0x0000000012df0000, 0x0000000014d90000)
 End Bits:   [0x0000000014d90000, 0x0000000016d30000)

Polling page: 0x0000000000f60000

CodeCache: size=245760Kb used=4281Kb max_used=4290Kb free=241478Kb
 bounds [0x0000000002f80000, 0x00000000033c0000, 0x0000000011f80000]
 total_blobs=1438 nmethods=958 adapters=393
 compilation: enabled

Compilation events (10 events):
Event: 56.918 Thread 0x0000000017acf800  953       4       com.badlogic.gdx.math.Matrix4::setToOrtho (196 bytes)
Event: 56.921 Thread 0x0000000017acf800 nmethod 953 0x0000000003362f90 code [0x0000000003363100, 0x0000000003363298]
Event: 56.985 Thread 0x0000000017b14000  954       4       com.badlogic.gdx.graphics.OrthographicCamera::update (6 bytes)
Event: 57.000 Thread 0x0000000017b14000 nmethod 954 0x000000000339cd90 code [0x000000000339d000, 0x000000000339da90]
Event: 57.852 Thread 0x0000000017acf800  955       4       com.badlogic.gdx.math.Vector3::add (17 bytes)
Event: 57.852 Thread 0x0000000017b14000  956       4       com.badlogic.gdx.math.Vector3::add (23 bytes)
Event: 57.852 Thread 0x0000000017b14000 nmethod 956 0x000000000334fdd0 code [0x000000000334ff00, 0x000000000334ff78]
Event: 57.852 Thread 0x0000000017acf800 nmethod 955 0x000000000337b810 code [0x000000000337b940, 0x000000000337b9d8]
Event: 59.219 Thread 0x0000000017b1f000  957       3       java.lang.Thread::interrupted (8 bytes)
Event: 59.219 Thread 0x0000000017b1f000 nmethod 957 0x000000000339ba90 code [0x000000000339bc00, 0x000000000339bd88]

GC Heap History (0 events):
No events

Deoptimization events (6 events):
Event: 16.730 Thread 0x0000000019dcf000 Uncommon trap: reason=unstable_if action=reinterpret pc=0x00000000032e7d74 method=org.lwjgl.opengl.Sync.sync(I)V @ 30
Event: 26.364 Thread 0x0000000019dcf000 Uncommon trap: reason=unstable_if action=reinterpret pc=0x0000000003308838 method=com.mygdx.game.Updater.render(F)V @ 1374
Event: 38.231 Thread 0x0000000019dcf000 Uncommon trap: reason=unstable_if action=reinterpret pc=0x0000000003246660 method=com.badlogic.gdx.maps.tiled.TiledMapTileLayer.getCell(II)Lcom/badlogic/gdx/maps/tiled/TiledMapTileLayer$Cell; @ 23
Event: 38.231 Thread 0x0000000019dcf000 Uncommon trap: reason=unstable_if action=reinterpret pc=0x00000000031e7a68 method=com.badlogic.gdx.maps.tiled.TiledMapTileLayer.getCell(II)Lcom/badlogic/gdx/maps/tiled/TiledMapTileLayer$Cell; @ 23
Event: 51.697 Thread 0x0000000019dcf000 Uncommon trap: reason=unstable_if action=reinterpret pc=0x00000000033a12f0 method=com.badlogic.gdx.utils.Pool.obtain()Ljava/lang/Object; @ 7
Event: 59.218 Thread 0x0000000019dcf000 Uncommon trap: reason=unloaded action=reinterpret pc=0x00000000033abb9c method=com.mygdx.game.Updater.render(F)V @ 1490

Internal exceptions (10 events):
Event: 0.157 Thread 0x0000000002e82800 Exception <a 'java/security/PrivilegedActionException'> (0x00000000d6020770) thrown at [C:\re\workspace\8-2-build-windows-amd64-cygwin\jdk8u121\8372\hotspot\src\share\vm\prims\jvm.cpp, line 1390]
Event: 0.157 Thread 0x0000000002e82800 Exception <a 'java/security/PrivilegedActionException'> (0x00000000d6020980) thrown at [C:\re\workspace\8-2-build-windows-amd64-cygwin\jdk8u121\8372\hotspot\src\share\vm\prims\jvm.cpp, line 1390]
Event: 0.158 Thread 0x0000000002e82800 Exception <a 'java/security/PrivilegedActionException'> (0x00000000d6024890) thrown at [C:\re\workspace\8-2-build-windows-amd64-cygwin\jdk8u121\8372\hotspot\src\share\vm\prims\jvm.cpp, line 1390]
Event: 0.158 Thread 0x0000000002e82800 Exception <a 'java/security/PrivilegedActionException'> (0x00000000d6024aa0) thrown at [C:\re\workspace\8-2-build-windows-amd64-cygwin\jdk8u121\8372\hotspot\src\share\vm\prims\jvm.cpp, line 1390]
Event: 0.307 Thread 0x0000000002e82800 Exception <a 'java/security/PrivilegedActionException'> (0x00000000d6145ea0) thrown at [C:\re\workspace\8-2-build-windows-amd64-cygwin\jdk8u121\8372\hotspot\src\share\vm\prims\jvm.cpp, line 1390]
Event: 0.307 Thread 0x0000000002e82800 Exception <a 'java/security/PrivilegedActionException'> (0x00000000d6147b78) thrown at [C:\re\workspace\8-2-build-windows-amd64-cygwin\jdk8u121\8372\hotspot\src\share\vm\prims\jvm.cpp, line 1390]
Event: 0.307 Thread 0x0000000002e82800 Exception <a 'java/security/PrivilegedActionException'> (0x00000000d6148ce8) thrown at [C:\re\workspace\8-2-build-windows-amd64-cygwin\jdk8u121\8372\hotspot\src\share\vm\prims\jvm.cpp, line 1390]
Event: 0.308 Thread 0x0000000002e82800 Exception <a 'java/security/PrivilegedActionException'> (0x00000000d614de50) thrown at [C:\re\workspace\8-2-build-windows-amd64-cygwin\jdk8u121\8372\hotspot\src\share\vm\prims\jvm.cpp, line 1390]
Event: 0.308 Thread 0x0000000002e82800 Exception <a 'java/security/PrivilegedActionException'> (0x00000000d614eaa8) thrown at [C:\re\workspace\8-2-build-windows-amd64-cygwin\jdk8u121\8372\hotspot\src\share\vm\prims\jvm.cpp, line 1390]
Event: 0.308 Thread 0x0000000002e82800 Exception <a 'java/security/PrivilegedActionException'> (0x00000000d614f6d0) thrown at [C:\re\workspace\8-2-build-windows-amd64-cygwin\jdk8u121\8372\hotspot\src\share\vm\prims\jvm.cpp, line 1390]

Events (10 events):
Event: 59.219 loading class com/badlogic/gdx/utils/Pools
Event: 59.219 loading class com/badlogic/gdx/utils/Pools done
Event: 59.220 loading class com/badlogic/gdx/utils/ReflectionPool
Event: 59.220 loading class com/badlogic/gdx/utils/ReflectionPool done
Event: 59.220 loading class com/badlogic/gdx/utils/reflect/Constructor
Event: 59.220 loading class com/badlogic/gdx/utils/reflect/Constructor done
Event: 59.221 loading class java/lang/reflect/InvocationTargetException
Event: 59.221 loading class java/lang/reflect/InvocationTargetException done
Event: 59.221 loading class com/badlogic/gdx/scenes/scene2d/InputEvent$Type
Event: 59.221 loading class com/badlogic/gdx/scenes/scene2d/InputEvent$Type done


Dynamic libraries:
0x00007ff7423e0000 - 0x00007ff742417000 	C:\Program Files\Java\jdk1.8.0_121\bin\javaw.exe
0x00007ffdc1260000 - 0x00007ffdc143b000 	C:\WINDOWS\SYSTEM32\ntdll.dll
0x00007ffdc11a0000 - 0x00007ffdc124e000 	C:\WINDOWS\System32\KERNEL32.DLL
0x00007ffdbda20000 - 0x00007ffdbdc69000 	C:\WINDOWS\System32\KERNELBASE.dll
0x00007ffdc04f0000 - 0x00007ffdc0591000 	C:\WINDOWS\System32\ADVAPI32.dll
0x00007ffdc0250000 - 0x00007ffdc02ed000 	C:\WINDOWS\System32\msvcrt.dll
0x00007ffdc01f0000 - 0x00007ffdc0249000 	C:\WINDOWS\System32\sechost.dll
0x00007ffdbff60000 - 0x00007ffdc0085000 	C:\WINDOWS\System32\RPCRT4.dll
0x00007ffdbfe10000 - 0x00007ffdbff5a000 	C:\WINDOWS\System32\USER32.dll
0x00007ffdbd830000 - 0x00007ffdbd84e000 	C:\WINDOWS\System32\win32u.dll
0x00007ffdbe850000 - 0x00007ffdbe877000 	C:\WINDOWS\System32\GDI32.dll
0x00007ffdbdc70000 - 0x00007ffdbddf7000 	C:\WINDOWS\System32\gdi32full.dll
0x00007ffdbde00000 - 0x00007ffdbde9a000 	C:\WINDOWS\System32\msvcp_win.dll
0x00007ffdbdf50000 - 0x00007ffdbe046000 	C:\WINDOWS\System32\ucrtbase.dll
0x00007ffdb3d80000 - 0x00007ffdb3fe7000 	C:\WINDOWS\WinSxS\amd64_microsoft.windows.common-controls_6595b64144ccf1df_6.0.15063.483_none_26002d27e7c744a2\COMCTL32.dll
0x00007ffdc0b60000 - 0x00007ffdc0e59000 	C:\WINDOWS\System32\combase.dll
0x00007ffdbe050000 - 0x00007ffdbe0ba000 	C:\WINDOWS\System32\bcryptPrimitives.dll
0x00007ffdc0600000 - 0x00007ffdc062d000 	C:\WINDOWS\System32\IMM32.DLL
0x00000000759a0000 - 0x0000000075a72000 	C:\Program Files\Java\jdk1.8.0_121\jre\bin\msvcr100.dll
0x0000000075100000 - 0x000000007599b000 	C:\Program Files\Java\jdk1.8.0_121\jre\bin\server\jvm.dll
0x00007ffdc1250000 - 0x00007ffdc1258000 	C:\WINDOWS\System32\PSAPI.DLL
0x00007ffdb4630000 - 0x00007ffdb4653000 	C:\WINDOWS\SYSTEM32\WINMM.dll
0x00007ffdba640000 - 0x00007ffdba649000 	C:\WINDOWS\SYSTEM32\WSOCK32.dll
0x00007ffdbe7c0000 - 0x00007ffdbe82c000 	C:\WINDOWS\System32\WS2_32.dll
0x00007ffdb4750000 - 0x00007ffdb475a000 	C:\WINDOWS\SYSTEM32\VERSION.dll
0x00007ffdb44b0000 - 0x00007ffdb44db000 	C:\WINDOWS\SYSTEM32\WINMMBASE.dll
0x00007ffdbd7e0000 - 0x00007ffdbd829000 	C:\WINDOWS\System32\cfgmgr32.dll
0x00000000750f0000 - 0x00000000750ff000 	C:\Program Files\Java\jdk1.8.0_121\jre\bin\verify.dll
0x00000000750c0000 - 0x00000000750e9000 	C:\Program Files\Java\jdk1.8.0_121\jre\bin\java.dll
0x00000000750a0000 - 0x00000000750b6000 	C:\Program Files\Java\jdk1.8.0_121\jre\bin\zip.dll
0x00007ffdbe920000 - 0x00007ffdbfd56000 	C:\WINDOWS\System32\SHELL32.dll
0x00007ffdbfd60000 - 0x00007ffdbfe0a000 	C:\WINDOWS\System32\shcore.dll
0x00007ffdbe0c0000 - 0x00007ffdbe7b1000 	C:\WINDOWS\System32\windows.storage.dll
0x00007ffdc02f0000 - 0x00007ffdc0341000 	C:\WINDOWS\System32\shlwapi.dll
0x00007ffdbd760000 - 0x00007ffdbd771000 	C:\WINDOWS\System32\kernel.appcore.dll
0x00007ffdbd6f0000 - 0x00007ffdbd73c000 	C:\WINDOWS\System32\powrprof.dll
0x00007ffdbd6d0000 - 0x00007ffdbd6e5000 	C:\WINDOWS\System32\profapi.dll
0x0000000065580000 - 0x0000000065616000 	C:\Users\Tommi\AppData\Local\Temp\libgdxTommi\38c81921\gdx64.dll
0x00007ffdbd120000 - 0x00007ffdbd137000 	C:\WINDOWS\SYSTEM32\CRYPTSP.dll
0x00007ffdbcba0000 - 0x00007ffdbcbd4000 	C:\WINDOWS\system32\rsaenh.dll
0x00007ffdbd5a0000 - 0x00007ffdbd5c5000 	C:\WINDOWS\SYSTEM32\bcrypt.dll
0x00007ffdbd5d0000 - 0x00007ffdbd5f9000 	C:\WINDOWS\SYSTEM32\USERENV.dll
0x00007ffdbd140000 - 0x00007ffdbd14b000 	C:\WINDOWS\SYSTEM32\CRYPTBASE.dll
0x0000000075080000 - 0x000000007509a000 	C:\Program Files\Java\jdk1.8.0_121\jre\bin\net.dll
0x00007ffdbcf80000 - 0x00007ffdbcfdc000 	C:\WINDOWS\system32\mswsock.dll
0x00007ffdbcd20000 - 0x00007ffdbcd57000 	C:\WINDOWS\SYSTEM32\IPHLPAPI.DLL
0x00007ffdc0b50000 - 0x00007ffdc0b58000 	C:\WINDOWS\System32\NSI.dll
0x00007ffdb6960000 - 0x00007ffdb6976000 	C:\WINDOWS\SYSTEM32\dhcpcsvc6.DLL
0x00007ffdb66d0000 - 0x00007ffdb66ea000 	C:\WINDOWS\SYSTEM32\dhcpcsvc.DLL
0x0000000075060000 - 0x0000000075071000 	C:\Program Files\Java\jdk1.8.0_121\jre\bin\nio.dll
0x0000000180000000 - 0x0000000180053000 	C:\Users\Tommi\AppData\Local\Temp\libgdxTommi\dc0f0009\lwjgl64.dll
0x00007ffda03d0000 - 0x00007ffda04f1000 	C:\WINDOWS\SYSTEM32\OPENGL32.dll
0x00007ffda10e0000 - 0x00007ffda110c000 	C:\WINDOWS\SYSTEM32\GLU32.dll
0x0000000001540000 - 0x00000000015a4000 	C:\Users\Tommi\AppData\Local\Temp\libgdxTommi\dc0f0009\OpenAL64.dll
0x00007ffdc00a0000 - 0x00007ffdc01e5000 	C:\WINDOWS\System32\ole32.dll
0x00007ffdbbfd0000 - 0x00007ffdbc065000 	C:\WINDOWS\system32\uxtheme.dll
0x00007ffdbe880000 - 0x00007ffdbe91e000 	C:\WINDOWS\System32\clbcatq.dll
0x00007ffdb7e30000 - 0x00007ffdb7fc6000 	C:\WINDOWS\System32\PROPSYS.dll
0x00007ffdc10e0000 - 0x00007ffdc11a0000 	C:\WINDOWS\System32\OLEAUT32.dll
0x00007ffd90210000 - 0x00007ffd9029c000 	C:\WINDOWS\SYSTEM32\dsound.dll
0x00007ffdb8010000 - 0x00007ffdb8077000 	C:\WINDOWS\System32\MMDevApi.dll
0x00007ffdbc210000 - 0x00007ffdbc238000 	C:\WINDOWS\System32\DEVOBJ.dll
0x00007ffdb6da0000 - 0x00007ffdb6ea5000 	C:\WINDOWS\SYSTEM32\AUDIOSES.DLL
0x00007ffdba650000 - 0x00007ffdba789000 	C:\WINDOWS\SYSTEM32\wintypes.dll
0x00007ffdba120000 - 0x00007ffdba12b000 	C:\WINDOWS\SYSTEM32\AVRT.dll
0x00007ffdc0e60000 - 0x00007ffdc0fc6000 	C:\WINDOWS\System32\MSCTF.dll
0x00007ffdb39e0000 - 0x00007ffdb3a0a000 	C:\WINDOWS\system32\dwmapi.dll
0x00007ffdb1c70000 - 0x00007ffdb1cf2000 	C:\WINDOWS\System32\TextInputFramework.dll
0x00007ffdb1990000 - 0x00007ffdb1c62000 	C:\WINDOWS\System32\CoreUIComponents.dll
0x00007ffdbb210000 - 0x00007ffdbb2f3000 	C:\WINDOWS\System32\CoreMessaging.dll
0x00007ffdbc960000 - 0x00007ffdbc991000 	C:\WINDOWS\SYSTEM32\ntmarta.dll
0x00007ffdb7660000 - 0x00007ffdb7675000 	C:\WINDOWS\SYSTEM32\usermgrcli.dll
0x00007ffd73790000 - 0x00007ffd744a9000 	C:\WINDOWS\SYSTEM32\ig8icd64.dll
0x00007ffdad600000 - 0x00007ffdae040000 	C:\WINDOWS\SYSTEM32\igdusc64.dll
0x00007ffdba620000 - 0x00007ffdba633000 	C:\WINDOWS\SYSTEM32\WTSAPI32.dll
0x00007ffd9db80000 - 0x00007ffd9dc13000 	C:\WINDOWS\SYSTEM32\mscms.dll
0x00007ffd95400000 - 0x00007ffd95441000 	C:\WINDOWS\SYSTEM32\icm32.dll
0x00007ffdba210000 - 0x00007ffdba3b9000 	C:\WINDOWS\SYSTEM32\dbghelp.dll

VM Arguments:
jvm_args: -Dfile.encoding=UTF-8 
java_command: com.mygdx.game.desktop.DesktopLauncher
java_class_path (initial): C:\Users\Tommi\libGit\desktop\bin;C:\Users\Tommi\libGit\core\bin;C:\Users\Tommi\.gradle\caches\modules-2\files-2.1\com.badlogicgames.gdx\gdx-box2d\1.9.6\c249ef4060a4fada952f278455c8f7b9cba3c18a\gdx-box2d-1.9.6.jar;C:\Users\Tommi\.gradle\caches\modules-2\files-2.1\com.badlogicgames.gdx\gdx\1.9.6\47d1e9b890e364ec28f128e9bb3b9a12a94c164\gdx-1.9.6.jar;C:\Users\Tommi\.gradle\caches\modules-2\files-2.1\com.badlogicgames.gdx\gdx-backend-lwjgl\1.9.6\ee7c23636ee4a942d329579daecc3ec5e517fe4c\gdx-backend-lwjgl-1.9.6.jar;C:\Users\Tommi\.gradle\caches\modules-2\files-2.1\com.badlogicgames.gdx\gdx-box2d-platform\1.9.6\d7b6168f5afd3948fd126c0b248f66c49b73ca35\gdx-box2d-platform-1.9.6-natives-desktop.jar;C:\Users\Tommi\.gradle\caches\modules-2\files-2.1\com.badlogicgames.gdx\gdx-platform\1.9.6\6f84dd7a18dc68e4ec492dfbb0594f930babcf63\gdx-platform-1.9.6-natives-desktop.jar;C:\Users\Tommi\.gradle\caches\modules-2\files-2.1\com.badlogicgames.jlayer\jlayer\1.0.1-gdx\7cca83cec5c1b2f011362f4d85aabd71a73b049d\jlayer-1.0.1-gdx.jar;C:\Users\Tommi\.gradle\caches\modules-2\files-2.1\net.java.jinput\jinput-platform\2.0.5\385ee093e01f587f30ee1c8a2ee7d408fd732e16\jinput-platform-2.0.5-natives-windows.jar;C:\Users\Tommi\.gradle\caches\modules-2\files-2.1\net.java.jinput\jinput-platform\2.0.5\53f9c919f34d2ca9de8c51fc4e1e8282029a9232\jinput-platform-2.0.5-natives-osx.jar;C:\Users\Tommi\.gradle\caches\modules-2\files-2.1\net.java.jinput\jinput-platform\2.0.5\7ff832a6eb9ab6a767f1ade2b548092d0fa64795\jinput-platform-2.0.5-natives-linux.jar;C:\Users\Tommi\.gradle\caches\modules-2\files-2.1\net.java.jinput\jinput\2.0.5\39c7796b469a600f72380316f6b1f11db6c2c7c4\jinput-2.0.5.jar;C:\Users\Tommi\.gradle\caches\modules-2\files-2.1\net.java.jutils\jutils\1.0.0\e12fe1fda814bd348c1579329c86943d2cd3c6a6\jutils-1.0.0.jar;C:\Users\Tommi\.gradle\caches\modules-2\files-2.1\org.jcraft\jorbis\0.0.17\8872d22b293e8f5d7d56ff92be966e6dc28ebdc6\jorbis-0.0.17.jar;C:\Users\Tommi\.gradle\caches\mod
Launcher Type: SUN_STANDARD

Environment Variables:
JAVA_HOME=C:\Program Files\Java\jdk1.8.0_121
PATH=C:/Program Files/Java/jre1.8.0_144/bin/server;C:/Program Files/Java/jre1.8.0_144/bin;C:/Program Files/Java/jre1.8.0_144/lib/amd64;C:\Program Files\Haskell\bin;C:\Program Files\Haskell Platform\8.0.2\lib\extralibs\bin;C:\Program Files\Haskell Platform\8.0.2\bin;C:\ProgramData\Oracle\Java\javapath;C:\Program Files (x86)\Intel\iCLS Client\;C:\Program Files\Intel\iCLS Client\;C:\WINDOWS\system32;C:\WINDOWS;C:\WINDOWS\System32\Wbem;C:\WINDOWS\System32\WindowsPowerShell\v1.0\;C:\Program Files (x86)\Intel\Intel(R) Management Engine Components\DAL;C:\Program Files\Intel\Intel(R) Management Engine Components\DAL;C:\Program Files (x86)\Intel\Intel(R) Management Engine Components\IPT;C:\Program Files\Intel\Intel(R) Management Engine Components\IPT;C:\Program Files (x86)\Nmap;C:\Program Files\Git\cmd;C\Python27\;C:\Program Files (x86)\Microchip\MPLAB C32 Suite\bin;C:\Program Files (x86)\scala\bin;C:\Program Files\Haskell Platform\8.0.2\mingw\bin;C:\Program Files\Microsoft SQL Server\130\Tools\Binn\;C:\Program Files\dotnet\;C:\Program Files\nodejs\;C:\Program Files (x86)\GtkSharp\2.12\bin;C:\Program Files\Java\jdk1.8.0_121/bin;C:\Users\Tommi\AppData\Local\Programs\Python\Python36-32\Scripts\;C:\Users\Tommi\AppData\Local\Programs\Python\Python36-32\;C:\Users\Tommi\AppData\Roaming\cabal\bin;C:\Users\Tommi\AppData\Roaming\local\bin;C:\Program Files (x86)\Nmap;C:\Users\Tommi\AppData\Local\Microsoft\WindowsApps;C:\Program Files\Java\jdk1.8.0_121\bin;C:\Program Files (x86)\scala\bin;C:\Users\Tommi\AppData\Local\atom\bin;C:\Users\Tommi\AppData\Roaming\npm;%USERPROFILE%\AppData\Local\Microsoft\WindowsApps;;C:\WINDOWS\system32;
USERNAME=Tommi
OS=Windows_NT
PROCESSOR_IDENTIFIER=Intel64 Family 6 Model 61 Stepping 4, GenuineIntel



---------------  S Y S T E M  ---------------

OS: Windows 10.0 , 64 bit Build 15063 (10.0.15063.296)

CPU:total 4 (2 cores per cpu, 2 threads per core) family 6 model 61 stepping 4, cmov, cx8, fxsr, mmx, sse, sse2, sse3, ssse3, sse4.1, sse4.2, popcnt, avx, avx2, aes, clmul, erms, 3dnowpref, lzcnt, ht, tsc, tscinvbit, bmi1, bmi2, adx

Memory: 4k page, physical 8288980k(421652k free), swap 27163348k(9640644k free)

vm_info: Java HotSpot(TM) 64-Bit Server VM (25.121-b13) for windows-amd64 JRE (1.8.0_121-b13), built on Dec 12 2016 18:21:36 by "java_re" with MS VC++ 10.0 (VS2010)

time: Thu Oct 12 23:39:08 2017
elapsed time: 59 seconds (0d 0h 0m 59s)

